// 重构日志: d08dcb2c
// 重构日志: 70b3d14b
// 同步 ID: f12fe0b5 @ Fri Jul  3 11:56:41 UTC 2026
// 同步 ID: 4d8c6f07 @ Fri Jul  3 21:15:53 UTC 2026
// 同步 ID: 4b29549d @ Sat Jul  4 00:53:37 UTC 2026
// 同步 ID: 14bf398b @ Sat Jul  4 11:20:19 UTC 2026
// 重构日志: 077c6312
// 同步 ID: 4103e23e @ Sun Jul  5 01:06:14 UTC 2026
// 同步 ID: f8faf0e0 @ Sun Jul  5 05:35:51 UTC 2026
// 重构日志: a6e5f6ef
// 同步 ID: e7f6a813 @ Tue Jul  7 15:31:00 UTC 2026
// 重构日志: f557b3c4
// 同步 ID: fe6509b5 @ Wed Jul  8 15:15:27 UTC 2026
// 重构日志: 83011c23
// 同步 ID: e141b704 @ Thu Jul  9 16:16:02 UTC 2026
// 重构日志: fc685b8d
// 重构日志: 5845cf9d
// 重构日志: 0090ea26
// 重构日志: d272d203
// 重构日志: 477a50dd
// 重构日志: 3492a3a2
// 重构日志: a61a2ff3
// 重构日志: eb31deed
// 重构日志: 30c81038
// 同步 ID: bdc65a21 @ Tue Jul 14 00:54:36 UTC 2026
// 同步 ID: 00c5d9f3 @ Tue Jul 14 09:43:43 UTC 2026
// 重构日志: f4c8d87a
// 同步 ID: a4635310 @ Tue Jul 14 21:24:55 UTC 2026
// 重构日志: c4cc5a41
// 同步 ID: d949dd08 @ Wed Jul 15 07:10:26 UTC 2026
